Using device: cuda
Loaded normalization values from /home/julius/Desktop/icra_phai/src/2d/normalization_values_comp/vanilla_normalization_values.pkl
Loaded dataset from /home/julius/Desktop/icra_phai/src/2d/datasets_comp/dataset_vanilla.pkl
Training samples: 9978256, Validation samples: 2494564
Calculated input size for MLP: 1032
Training MLPModel with learning type: priority
Training model with loss function: mse
Epoch: 1/30, Train Loss: 0.004381, MSE Loss: 0.004381, Grad1 Loss: 0.000000, Grad2 Loss: 0.000000, Grad4 Loss: 0.000000, Val Loss: 0.003028, LR: 0.001
Best model saved to 2d_512_vanilla_mse.pth
Epoch: 2/30, Train Loss: 0.002905, MSE Loss: 0.002905, Grad1 Loss: 0.000000, Grad2 Loss: 0.000000, Grad4 Loss: 0.000000, Val Loss: 0.002389, LR: 0.001
Best model saved to 2d_512_vanilla_mse.pth
Epoch: 3/30, Train Loss: 0.002675, MSE Loss: 0.002675, Grad1 Loss: 0.000000, Grad2 Loss: 0.000000, Grad4 Loss: 0.000000, Val Loss: 0.002540, LR: 0.001
Epoch: 4/30, Train Loss: 0.002528, MSE Loss: 0.002528, Grad1 Loss: 0.000000, Grad2 Loss: 0.000000, Grad4 Loss: 0.000000, Val Loss: 0.002482, LR: 0.001
Epoch: 5/30, Train Loss: 0.002417, MSE Loss: 0.002417, Grad1 Loss: 0.000000, Grad2 Loss: 0.000000, Grad4 Loss: 0.000000, Val Loss: 0.002456, LR: 0.001
Epoch: 6/30, Train Loss: 0.002329, MSE Loss: 0.002329, Grad1 Loss: 0.000000, Grad2 Loss: 0.000000, Grad4 Loss: 0.000000, Val Loss: 0.002170, LR: 0.001
Best model saved to 2d_512_vanilla_mse.pth
Epoch: 7/30, Train Loss: 0.002252, MSE Loss: 0.002252, Grad1 Loss: 0.000000, Grad2 Loss: 0.000000, Grad4 Loss: 0.000000, Val Loss: 0.002235, LR: 0.001
Epoch: 8/30, Train Loss: 0.002187, MSE Loss: 0.002187, Grad1 Loss: 0.000000, Grad2 Loss: 0.000000, Grad4 Loss: 0.000000, Val Loss: 0.001882, LR: 0.001
Best model saved to 2d_512_vanilla_mse.pth
Epoch: 9/30, Train Loss: 0.002130, MSE Loss: 0.002130, Grad1 Loss: 0.000000, Grad2 Loss: 0.000000, Grad4 Loss: 0.000000, Val Loss: 0.002088, LR: 0.001
Epoch: 10/30, Train Loss: 0.002076, MSE Loss: 0.002076, Grad1 Loss: 0.000000, Grad2 Loss: 0.000000, Grad4 Loss: 0.000000, Val Loss: 0.002293, LR: 0.001
Epoch: 11/30, Train Loss: 0.002031, MSE Loss: 0.002031, Grad1 Loss: 0.000000, Grad2 Loss: 0.000000, Grad4 Loss: 0.000000, Val Loss: 0.002571, LR: 0.001
Epoch: 12/30, Train Loss: 0.001988, MSE Loss: 0.001988, Grad1 Loss: 0.000000, Grad2 Loss: 0.000000, Grad4 Loss: 0.000000, Val Loss: 0.002056, LR: 0.001
Epoch: 13/30, Train Loss: 0.001956, MSE Loss: 0.001956, Grad1 Loss: 0.000000, Grad2 Loss: 0.000000, Grad4 Loss: 0.000000, Val Loss: 0.001798, LR: 0.001
Best model saved to 2d_512_vanilla_mse.pth
Epoch: 14/30, Train Loss: 0.001925, MSE Loss: 0.001925, Grad1 Loss: 0.000000, Grad2 Loss: 0.000000, Grad4 Loss: 0.000000, Val Loss: 0.002065, LR: 0.001
Epoch: 15/30, Train Loss: 0.001895, MSE Loss: 0.001895, Grad1 Loss: 0.000000, Grad2 Loss: 0.000000, Grad4 Loss: 0.000000, Val Loss: 0.002187, LR: 0.001
Epoch: 16/30, Train Loss: 0.001870, MSE Loss: 0.001870, Grad1 Loss: 0.000000, Grad2 Loss: 0.000000, Grad4 Loss: 0.000000, Val Loss: 0.001677, LR: 0.001
Best model saved to 2d_512_vanilla_mse.pth
Epoch: 17/30, Train Loss: 0.001845, MSE Loss: 0.001845, Grad1 Loss: 0.000000, Grad2 Loss: 0.000000, Grad4 Loss: 0.000000, Val Loss: 0.002177, LR: 0.001
Epoch: 18/30, Train Loss: 0.001823, MSE Loss: 0.001823, Grad1 Loss: 0.000000, Grad2 Loss: 0.000000, Grad4 Loss: 0.000000, Val Loss: 0.001503, LR: 0.001
Best model saved to 2d_512_vanilla_mse.pth
Epoch: 19/30, Train Loss: 0.001799, MSE Loss: 0.001799, Grad1 Loss: 0.000000, Grad2 Loss: 0.000000, Grad4 Loss: 0.000000, Val Loss: 0.001463, LR: 0.001
Best model saved to 2d_512_vanilla_mse.pth
Epoch: 20/30, Train Loss: 0.001782, MSE Loss: 0.001782, Grad1 Loss: 0.000000, Grad2 Loss: 0.000000, Grad4 Loss: 0.000000, Val Loss: 0.001601, LR: 0.001
Epoch: 21/30, Train Loss: 0.001766, MSE Loss: 0.001766, Grad1 Loss: 0.000000, Grad2 Loss: 0.000000, Grad4 Loss: 0.000000, Val Loss: 0.001973, LR: 0.001
Epoch: 22/30, Train Loss: 0.001748, MSE Loss: 0.001748, Grad1 Loss: 0.000000, Grad2 Loss: 0.000000, Grad4 Loss: 0.000000, Val Loss: 0.001902, LR: 0.001
Epoch: 23/30, Train Loss: 0.001733, MSE Loss: 0.001733, Grad1 Loss: 0.000000, Grad2 Loss: 0.000000, Grad4 Loss: 0.000000, Val Loss: 0.001638, LR: 0.001
Epoch: 24/30, Train Loss: 0.001717, MSE Loss: 0.001717, Grad1 Loss: 0.000000, Grad2 Loss: 0.000000, Grad4 Loss: 0.000000, Val Loss: 0.002046, LR: 0.001
Epoch: 25/30, Train Loss: 0.001701, MSE Loss: 0.001701, Grad1 Loss: 0.000000, Grad2 Loss: 0.000000, Grad4 Loss: 0.000000, Val Loss: 0.001684, LR: 0.001
Epoch: 26/30, Train Loss: 0.001593, MSE Loss: 0.001593, Grad1 Loss: 0.000000, Grad2 Loss: 0.000000, Grad4 Loss: 0.000000, Val Loss: 0.001521, LR: 0.0005
Epoch: 27/30, Train Loss: 0.001579, MSE Loss: 0.001579, Grad1 Loss: 0.000000, Grad2 Loss: 0.000000, Grad4 Loss: 0.000000, Val Loss: 0.001457, LR: 0.0005
Best model saved to 2d_512_vanilla_mse.pth
Epoch: 28/30, Train Loss: 0.001570, MSE Loss: 0.001570, Grad1 Loss: 0.000000, Grad2 Loss: 0.000000, Grad4 Loss: 0.000000, Val Loss: 0.001533, LR: 0.0005
Epoch: 29/30, Train Loss: 0.001562, MSE Loss: 0.001562, Grad1 Loss: 0.000000, Grad2 Loss: 0.000000, Grad4 Loss: 0.000000, Val Loss: 0.001572, LR: 0.0005
Epoch: 30/30, Train Loss: 0.001556, MSE Loss: 0.001556, Grad1 Loss: 0.000000, Grad2 Loss: 0.000000, Grad4 Loss: 0.000000, Val Loss: 0.001467, LR: 0.0005
Best validation loss: 0.001457
Training completed. Best model saved as 2d_512_vanilla_mse.pth
